15:25:10:339 [ALWAYS]	GUDE Logging Started
15:25:10:340 [INFO]	SqliteResumeCache::SqliteResumeCache basedirectory is null/empty
15:25:10:340 [ERROR]	SqliteResumeCache::CreateSqliteResumeCache creating resume cache pointer failure
15:25:10:340 [ERROR]	Initialize resume cache pointer failure
15:25:10:340 [INFO]	gude policy POLICY_USER limit (2,2,1) chunk 2097152, chunking (UL 0 DL 1), resXfer 1, adapt 0, NSURL 0, timeout 86400 
15:25:10:340 [INFO]	Initialized -- gude-lib version: v0.12.1 app: gude
15:25:12:170 [WARN]	Ignoring attempt to reinit logging to \gude at level 4 retaining 3 days of logs
15:25:12:171 [INFO]	SqliteResumeCache::SqliteResumeCache basedirectory is null/empty
15:25:12:171 [ERROR]	SqliteResumeCache::CreateSqliteResumeCache creating resume cache pointer failure
15:25:12:171 [ERROR]	Initialize resume cache pointer failure
15:25:12:171 [INFO]	gude policy POLICY_USER limit (4,4,1) chunk 2097152, chunking (UL 0 DL 1), resXfer 1, adapt 0, NSURL 1, timeout 86400 
15:25:12:171 [INFO]	Initialized -- gude-lib version: v0.12.1 app: gude
15:33:48:538 [ALWAYS]	GUDE Logging Started
15:33:48:538 [INFO]	SqliteResumeCache::SqliteResumeCache basedirectory is null/empty
15:33:48:538 [ERROR]	SqliteResumeCache::CreateSqliteResumeCache creating resume cache pointer failure
15:33:48:538 [ERROR]	Initialize resume cache pointer failure
15:33:48:538 [INFO]	gude policy POLICY_USER limit (2,2,1) chunk 2097152, chunking (UL 0 DL 1), resXfer 1, adapt 0, NSURL 0, timeout 86400 
15:33:48:538 [INFO]	Initialized -- gude-lib version: v0.12.1 app: gude
15:33:56:395 [WARN]	Ignoring attempt to reinit logging to \gude at level 4 retaining 3 days of logs
15:33:56:395 [INFO]	SqliteResumeCache::SqliteResumeCache basedirectory is null/empty
15:33:56:395 [ERROR]	SqliteResumeCache::CreateSqliteResumeCache creating resume cache pointer failure
15:33:56:395 [ERROR]	Initialize resume cache pointer failure
15:33:56:395 [INFO]	gude policy POLICY_USER limit (4,4,1) chunk 2097152, chunking (UL 0 DL 1), resXfer 1, adapt 0, NSURL 1, timeout 86400 
15:33:56:395 [INFO]	Initialized -- gude-lib version: v0.12.1 app: gude
